<?xml version="1.0" encoding="UTF-8"?>
<testsuite xmlns:xsi="http://www.w3.org/2001/XMLSchema-instance" xsi:noNamespaceSchemaLocation="https://maven.apache.org/surefire/maven-surefire-plugin/xsd/surefire-test-report.xsd" name="ServerTest" time="0.079" tests="1" errors="1" skipped="0" failures="0">
  <properties>
[...]
</properties>
  <testcase name="connection" classname="ServerTest" time="0.03">
    <error message="java.net.ConnectException: Connection refused: connect" type="java.lang.RuntimeException">java.lang.RuntimeException: java.net.ConnectException: Connection refused: connect
	at ServerTest.connection(ServerTest.java:27)
Caused by: java.net.ConnectException: Connection refused: connect
	at ServerTest.connection(ServerTest.java:19)
</error>
  </testcase>
</testsuite>